This file contains any messages produced by compilers while
running configure, to aid debugging if configure makes a mistake.

It was created by configure, which was
generated by GNU Autoconf 2.69.  Invocation command line was

  $ ./configure 

## --------- ##
## Platform. ##
## --------- ##

hostname = aliyun61.localdomain
uname -m = x86_64
uname -r = 3.10.0-327.22.2.el7.x86_64
uname -s = Linux
uname -v = #1 SMP Thu Jun 23 17:05:11 UTC 2016

/usr/bin/uname -p = x86_64
/bin/uname -X     = unknown

/bin/arch              = x86_64
/usr/bin/arch -k       = unknown
/usr/convex/getsysinfo = unknown
/usr/bin/hostinfo      = unknown
/bin/machine           = unknown
/usr/bin/oslevel       = unknown
/bin/universe          = unknown

PATH: /usr/local/php5/sbin/
PATH: /usr/local/openresty/nginx/sbin
PATH: /usr/local/php5/bin/
PATH: /usr/local/mysql/bin
PATH: /usr/local/bin
PATH: /usr/bin
PATH: /usr/local/sbin
PATH: /usr/sbin
PATH: /home/divoom/bin
PATH: /home/divoom/.local/bin
PATH: /home/divoom/bin


## ----------- ##
## Core tests. ##
## ----------- ##

configure:2294: checking for grep that handles long lines and -e
configure:2352: result: /usr/bin/grep
configure:2357: checking for egrep
configure:2419: result: /usr/bin/grep -E
configure:2424: checking for a sed that does not truncate output
configure:2478: result: /usr/bin/sed
configure:2610: checking for cc
configure:2626: found /usr/bin/cc
configure:2637: result: cc
configure:2668: checking for C compiler version
configure:2677: cc --version >&5
cc (GCC) 4.8.5 20150623 (Red Hat 4.8.5-11)
Copyright (C) 2015 Free Software Foundation, Inc.
This is free software; see the source for copying conditions.  There is NO
warranty; not even for MERCHANTABILITY or FITNESS FOR A PARTICULAR PURPOSE.

configure:2688: $? = 0
configure:2677: cc -v >&5
Using built-in specs.
COLLECT_GCC=cc
COLLECT_LTO_WRAPPER=/usr/libexec/gcc/x86_64-redhat-linux/4.8.5/lto-wrapper
Target: x86_64-redhat-linux
Configured with: ../configure --prefix=/usr --mandir=/usr/share/man --infodir=/usr/share/info --with-bugurl=http://bugzilla.redhat.com/bugzilla --enable-bootstrap --enable-shared --enable-threads=posix --enable-checking=release --with-system-zlib --enable-__cxa_atexit --disable-libunwind-exceptions --enable-gnu-unique-object --enable-linker-build-id --with-linker-hash-style=gnu --enable-languages=c,c++,objc,obj-c++,java,fortran,ada,go,lto --enable-plugin --enable-initfini-array --disable-libgcj --with-isl=/builddir/build/BUILD/gcc-4.8.5-20150702/obj-x86_64-redhat-linux/isl-install --with-cloog=/builddir/build/BUILD/gcc-4.8.5-20150702/obj-x86_64-redhat-linux/cloog-install --enable-gnu-indirect-function --with-tune=generic --with-arch_32=x86-64 --build=x86_64-redhat-linux
Thread model: posix
gcc version 4.8.5 20150623 (Red Hat 4.8.5-11) (GCC) 
configure:2688: $? = 0
configure:2677: cc -V >&5
cc: error: unrecognized command line option '-V'
cc: fatal error: no input files
compilation terminated.
configure:2688: $? = 4
configure:2677: cc -qversion >&5
cc: error: unrecognized command line option '-qversion'
cc: fatal error: no input files
compilation terminated.
configure:2688: $? = 4
configure:2708: checking whether the C compiler works
configure:2730: cc    conftest.c  >&5
configure:2734: $? = 0
configure:2782: result: yes
configure:2785: checking for C compiler default output file name
configure:2787: result: a.out
configure:2793: checking for suffix of executables
configure:2800: cc -o conftest    conftest.c  >&5
configure:2804: $? = 0
configure:2826: result: 
configure:2848: checking whether we are cross compiling
configure:2856: cc -o conftest    conftest.c  >&5
configure:2860: $? = 0
configure:2867: ./conftest
configure:2871: $? = 0
configure:2886: result: no
configure:2891: checking for suffix of object files
configure:2913: cc -c   conftest.c >&5
configure:2917: $? = 0
configure:2938: result: o
configure:2942: checking whether we are using the GNU C compiler
configure:2961: cc -c   conftest.c >&5
configure:2961: $? = 0
configure:2970: result: yes
configure:2979: checking whether cc accepts -g
configure:2999: cc -c -g  conftest.c >&5
configure:2999: $? = 0
configure:3040: result: yes
configure:3057: checking for cc option to accept ISO C89
configure:3120: cc  -c -g -O2  conftest.c >&5
configure:3120: $? = 0
configure:3133: result: none needed
configure:3159: checking how to run the C preprocessor
configure:3190: cc -E  conftest.c
configure:3190: $? = 0
configure:3204: cc -E  conftest.c
conftest.c:9:28: fatal error: ac_nonexistent.h: No such file or directory
 #include <ac_nonexistent.h>
                            ^
compilation terminated.
configure:3204: $? = 1
configure: failed program was:
| /* confdefs.h */
| #define PACKAGE_NAME ""
| #define PACKAGE_TARNAME ""
| #define PACKAGE_VERSION ""
| #define PACKAGE_STRING ""
| #define PACKAGE_BUGREPORT ""
| #define PACKAGE_URL ""
| /* end confdefs.h.  */
| #include <ac_nonexistent.h>
configure:3229: result: cc -E
configure:3249: cc -E  conftest.c
configure:3249: $? = 0
configure:3263: cc -E  conftest.c
conftest.c:9:28: fatal error: ac_nonexistent.h: No such file or directory
 #include <ac_nonexistent.h>
                            ^
compilation terminated.
configure:3263: $? = 1
configure: failed program was:
| /* confdefs.h */
| #define PACKAGE_NAME ""
| #define PACKAGE_TARNAME ""
| #define PACKAGE_VERSION ""
| #define PACKAGE_STRING ""
| #define PACKAGE_BUGREPORT ""
| #define PACKAGE_URL ""
| /* end confdefs.h.  */
| #include <ac_nonexistent.h>
configure:3294: checking for icc
configure:3303: result: no
configure:3317: checking for suncc
configure:3326: result: no
configure:3344: checking whether cc understands -c and -o together
configure:3372: cc -c conftest.c -o conftest2.o >&5
configure:3376: $? = 0
configure:3382: cc -c conftest.c -o conftest2.o >&5
configure:3386: $? = 0
configure:3441: result: yes
configure:3455: checking for system library directory
configure:3470: result: lib
configure:3477: checking if compiler supports -R
configure:3496: cc -o conftest -g -O2   conftest.c -R /usr/lib  >&5
cc: error: unrecognized command line option '-R'
configure:3496: $? = 1
configure: failed program was:
| /* confdefs.h */
| #define PACKAGE_NAME ""
| #define PACKAGE_TARNAME ""
| #define PACKAGE_VERSION ""
| #define PACKAGE_STRING ""
| #define PACKAGE_BUGREPORT ""
| #define PACKAGE_URL ""
| /* end confdefs.h.  */
| 
| int
| main ()
| {
| 
|   ;
|   return 0;
| }
configure:3506: result: no
configure:3511: checking if compiler supports -Wl,-rpath,
configure:3530: cc -o conftest -g -O2   conftest.c -Wl,-rpath,/usr/lib  >&5
configure:3530: $? = 0
configure:3540: result: yes
configure:3585: checking build system type
configure:3599: result: x86_64-unknown-linux-gnu
configure:3619: checking host system type
configure:3632: result: x86_64-unknown-linux-gnu
configure:3652: checking target system type
configure:3665: result: x86_64-unknown-linux-gnu
configure:3768: checking for PHP prefix
configure:3770: result: /usr/local/php5
configure:3772: checking for PHP includes
configure:3774: result: -I/usr/local/php5/include/php -I/usr/local/php5/include/php/main -I/usr/local/php5/include/php/TSRM -I/usr/local/php5/include/php/Zend -I/usr/local/php5/include/php/ext -I/usr/local/php5/include/php/ext/date/lib
configure:3776: checking for PHP extension directory
configure:3778: result: /usr/local/php5/lib/php/extensions/no-debug-non-zts-20131226
configure:3780: checking for PHP installed headers prefix
configure:3782: result: /usr/local/php5/include/php
configure:3785: checking if debug is enabled
configure:3811: result: no
configure:3814: checking if zts is enabled
configure:3840: result: no
configure:3911: checking for re2c
configure:3941: result: no
configure:3966: WARNING: You will need re2c 0.13.4 or later if you want to regenerate PHP parsers.
configure:3980: checking for gawk
configure:3997: found /usr/bin/gawk
configure:4008: result: gawk
configure:4056: checking whether to enable divoom_minilzo support
configure:4095: result: yes, shared
configure:4495: checking for ld used by cc
configure:4562: result: /usr/bin/ld
configure:4569: checking if the linker (/usr/bin/ld) is GNU ld
configure:4584: result: yes
configure:4589: checking for /usr/bin/ld option to reload object files
configure:4596: result: -r
configure:4614: checking for BSD-compatible nm
configure:4663: result: /usr/bin/nm -B
configure:4667: checking whether ln -s works
configure:4671: result: yes
configure:4678: checking how to recognize dependent libraries
configure:4864: result: pass_all
configure:4949: cc -c -g -O2  conftest.c >&5
configure:4952: $? = 0
configure:5082: checking for ANSI C header files
configure:5102: cc -c -g -O2  conftest.c >&5
configure:5102: $? = 0
configure:5175: cc -o conftest -g -O2   conftest.c  >&5
configure:5175: $? = 0
configure:5175: ./conftest
configure:5175: $? = 0
configure:5186: result: yes
configure:5199: checking for sys/types.h
configure:5199: cc -c -g -O2  conftest.c >&5
configure:5199: $? = 0
configure:5199: result: yes
configure:5199: checking for sys/stat.h
configure:5199: cc -c -g -O2  conftest.c >&5
configure:5199: $? = 0
configure:5199: result: yes
configure:5199: checking for stdlib.h
configure:5199: cc -c -g -O2  conftest.c >&5
configure:5199: $? = 0
configure:5199: result: yes
configure:5199: checking for string.h
configure:5199: cc -c -g -O2  conftest.c >&5
configure:5199: $? = 0
configure:5199: result: yes
configure:5199: checking for memory.h
configure:5199: cc -c -g -O2  conftest.c >&5
configure:5199: $? = 0
configure:5199: result: yes
configure:5199: checking for strings.h
configure:5199: cc -c -g -O2  conftest.c >&5
configure:5199: $? = 0
configure:5199: result: yes
configure:5199: checking for inttypes.h
configure:5199: cc -c -g -O2  conftest.c >&5
configure:5199: $? = 0
configure:5199: result: yes
configure:5199: checking for stdint.h
configure:5199: cc -c -g -O2  conftest.c >&5
configure:5199: $? = 0
configure:5199: result: yes
configure:5199: checking for unistd.h
configure:5199: cc -c -g -O2  conftest.c >&5
configure:5199: $? = 0
configure:5199: result: yes
configure:5213: checking dlfcn.h usability
configure:5213: cc -c -g -O2  conftest.c >&5
configure:5213: $? = 0
configure:5213: result: yes
configure:5213: checking dlfcn.h presence
configure:5213: cc -E  conftest.c
configure:5213: $? = 0
configure:5213: result: yes
configure:5213: checking for dlfcn.h
configure:5213: result: yes
configure:5235: checking the maximum length of command line arguments
configure:5347: result: 201326592
configure:5359: checking command to parse /usr/bin/nm -B output from cc object
configure:5464: cc -c -g -O2  conftest.c >&5
configure:5467: $? = 0
configure:5471: /usr/bin/nm -B conftest.o \| sed -n -e 's/^.*[ 	]\([ABCDGIRSTW][ABCDGIRSTW]*\)[ 	][ 	]*\([_A-Za-z][_A-Za-z0-9]*\)$/\1 \2 \2/p' \> conftest.nm
configure:5474: $? = 0
configure:5526: cc -o conftest -g -O2   conftest.c conftstm.o >&5
configure:5529: $? = 0
configure:5567: result: ok
configure:5571: checking for objdir
configure:5586: result: .libs
configure:5678: checking for ar
configure:5694: found /usr/bin/ar
configure:5705: result: ar
configure:5770: checking for ranlib
configure:5786: found /usr/bin/ranlib
configure:5797: result: ranlib
configure:5862: checking for strip
configure:5878: found /usr/bin/strip
configure:5889: result: strip
configure:6458: checking if cc supports -fno-rtti -fno-exceptions
configure:6476: cc -c -g -O2  -fno-rtti -fno-exceptions conftest.c >&5
cc1: warning: command line option '-fno-rtti' is valid for C++/ObjC++ but not for C [enabled by default]
configure:6480: $? = 0
configure:6493: result: no
configure:6508: checking for cc option to produce PIC
configure:6748: result: -fPIC
configure:6756: checking if cc PIC flag -fPIC works
configure:6774: cc -c -g -O2  -fPIC -DPIC conftest.c >&5
configure:6778: $? = 0
configure:6791: result: yes
configure:6819: checking if cc static flag -static works
configure:6847: result: no
configure:6857: checking if cc supports -c -o file.o
configure:6878: cc -c -g -O2  -o out/conftest2.o conftest.c >&5
configure:6882: $? = 0
configure:6904: result: yes
configure:6930: checking whether the cc linker (/usr/bin/ld -m elf_x86_64) supports shared libraries
configure:7858: result: yes
configure:7879: checking whether -lc should be explicitly linked in
configure:7884: cc -c -g -O2  conftest.c >&5
configure:7887: $? = 0
configure:7902: cc -shared conftest.o  -v -Wl,-soname -Wl,conftest -o conftest 2\>\&1 \| grep  -lc  \>/dev/null 2\>\&1
configure:7905: $? = 0
configure:7917: result: no
configure:7925: checking dynamic linker characteristics
configure:8523: result: GNU/Linux ld.so
configure:8547: checking how to hardcode library paths into programs
configure:8572: result: immediate
configure:8586: checking whether stripping libraries is possible
configure:8591: result: yes
configure:9108: checking if libtool supports shared libraries
configure:9110: result: yes
configure:9113: checking whether to build shared libraries
configure:9134: result: yes
configure:9137: checking whether to build static libraries
configure:9141: result: no
configure:9236: result:
creating libtool
configure:12935: creating ./config.status

## ---------------------- ##
## Running config.status. ##
## ---------------------- ##

This file was extended by config.status, which was
generated by GNU Autoconf 2.69.  Invocation command line was

  CONFIG_FILES    = 
  CONFIG_HEADERS  = 
  CONFIG_LINKS    = 
  CONFIG_COMMANDS = 
  $ ./config.status 

on aliyun61.localdomain

config.status:676: creating config.h
config.status:766: config.h is unchanged

## ---------------- ##
## Cache variables. ##
## ---------------- ##

ac_cv_build=x86_64-unknown-linux-gnu
ac_cv_c_compiler_gnu=yes
ac_cv_env_CC_set=
ac_cv_env_CC_value=
ac_cv_env_CFLAGS_set=
ac_cv_env_CFLAGS_value=
ac_cv_env_CPPFLAGS_set=
ac_cv_env_CPPFLAGS_value=
ac_cv_env_CPP_set=
ac_cv_env_CPP_value=
ac_cv_env_LDFLAGS_set=
ac_cv_env_LDFLAGS_value=
ac_cv_env_LIBS_set=
ac_cv_env_LIBS_value=
ac_cv_env_build_alias_set=
ac_cv_env_build_alias_value=
ac_cv_env_host_alias_set=
ac_cv_env_host_alias_value=
ac_cv_env_target_alias_set=
ac_cv_env_target_alias_value=
ac_cv_header_dlfcn_h=yes
ac_cv_header_inttypes_h=yes
ac_cv_header_memory_h=yes
ac_cv_header_stdc=yes
ac_cv_header_stdint_h=yes
ac_cv_header_stdlib_h=yes
ac_cv_header_string_h=yes
ac_cv_header_strings_h=yes
ac_cv_header_sys_stat_h=yes
ac_cv_header_sys_types_h=yes
ac_cv_header_unistd_h=yes
ac_cv_host=x86_64-unknown-linux-gnu
ac_cv_objext=o
ac_cv_path_EGREP='/usr/bin/grep -E'
ac_cv_path_GREP=/usr/bin/grep
ac_cv_prog_AWK=gawk
ac_cv_prog_CPP='cc -E'
ac_cv_prog_ac_ct_AR=ar
ac_cv_prog_ac_ct_CC=cc
ac_cv_prog_ac_ct_RANLIB=ranlib
ac_cv_prog_ac_ct_STRIP=strip
ac_cv_prog_cc_c89=
ac_cv_prog_cc_cc_c_o=yes
ac_cv_prog_cc_g=yes
ac_cv_target=x86_64-unknown-linux-gnu
lt_cv_deplibs_check_method=pass_all
lt_cv_file_magic_cmd='$MAGIC_CMD'
lt_cv_file_magic_test_file=
lt_cv_ld_reload_flag=-r
lt_cv_objdir=.libs
lt_cv_path_LD=/usr/bin/ld
lt_cv_path_NM='/usr/bin/nm -B'
lt_cv_path_SED=/usr/bin/sed
lt_cv_prog_compiler_c_o=yes
lt_cv_prog_compiler_pic_works=yes
lt_cv_prog_compiler_rtti_exceptions=no
lt_cv_prog_compiler_static_works=no
lt_cv_prog_gnu_ld=yes
lt_cv_sys_global_symbol_pipe='sed -n -e '\''s/^.*[ 	]\([ABCDGIRSTW][ABCDGIRSTW]*\)[ 	][ 	]*\([_A-Za-z][_A-Za-z0-9]*\)$/\1 \2 \2/p'\'''
lt_cv_sys_global_symbol_to_c_name_address='sed -n -e '\''s/^: \([^ ]*\) $/  {\"\1\", (lt_ptr) 0},/p'\'' -e '\''s/^[BCDEGRST] \([^ ]*\) \([^ ]*\)$/  {"\2", (lt_ptr) \&\2},/p'\'''
lt_cv_sys_global_symbol_to_cdecl='sed -n -e '\''s/^. .* \(.*\)$/extern int \1;/p'\'''
lt_cv_sys_lib_dlsearch_path_spec='/lib /usr/lib /usr/lib64/dyninst /usr/lib64/mysql /usr/local/lib /usr/local/mysql/lib/ /usr/local/lib/ '
lt_cv_sys_lib_search_path_spec='/usr/lib/gcc/x86_64-redhat-linux/4.8.5 /usr/lib64 /lib64'
lt_cv_sys_max_cmd_len=201326592
lt_lt_cv_prog_compiler_c_o='"yes"'
lt_lt_cv_sys_global_symbol_pipe='"sed -n -e '\''s/^.*[ 	]\\([ABCDGIRSTW][ABCDGIRSTW]*\\)[ 	][ 	]*\\([_A-Za-z][_A-Za-z0-9]*\\)\$/\\1 \\2 \\2/p'\''"'
lt_lt_cv_sys_global_symbol_to_c_name_address='"sed -n -e '\''s/^: \\([^ ]*\\) \$/  {\\\"\\1\\\", (lt_ptr) 0},/p'\'' -e '\''s/^[BCDEGRST] \\([^ ]*\\) \\([^ ]*\\)\$/  {\"\\2\", (lt_ptr) \\&\\2},/p'\''"'
lt_lt_cv_sys_global_symbol_to_cdecl='"sed -n -e '\''s/^. .* \\(.*\\)\$/extern int \\1;/p'\''"'
php_cv_cc_dashr=no
php_cv_cc_rpath=yes

## ----------------- ##
## Output variables. ##
## ----------------- ##

AR='ar'
AWK='gawk'
CC='cc'
CFLAGS='-g -O2'
CONFIGURE_COMMAND=' '\''./configure'\'' '
CONFIGURE_OPTIONS=''
CPP='cc -E'
CPPFLAGS=' -DHAVE_CONFIG_H'
DEFS='-DHAVE_CONFIG_H'
DSYMUTIL=''
ECHO='echo'
ECHO_C=''
ECHO_N='-n'
ECHO_T=''
EGREP='/usr/bin/grep -E'
EXEEXT=''
GREP='/usr/bin/grep'
LDFLAGS=''
LIBOBJS=''
LIBS=''
LIBTOOL='$(SHELL) $(top_builddir)/libtool'
LN_S='ln -s'
LTLIBOBJS=''
NMEDIT=''
OBJEXT='o'
PACKAGE_BUGREPORT=''
PACKAGE_NAME=''
PACKAGE_STRING=''
PACKAGE_TARNAME=''
PACKAGE_URL=''
PACKAGE_VERSION=''
PATH_SEPARATOR=':'
RANLIB='ranlib'
RE2C='exit 0;'
SED='/usr/bin/sed'
SHELL='/bin/sh'
SHLIB_DL_SUFFIX_NAME='so'
SHLIB_SUFFIX_NAME='so'
STRIP='strip'
ac_ct_CC='cc'
bindir='${exec_prefix}/bin'
build='x86_64-unknown-linux-gnu'
build_alias=''
build_cpu='x86_64'
build_os='linux-gnu'
build_vendor='unknown'
datadir='${datarootdir}'
datarootdir='${prefix}/share'
docdir='${datarootdir}/doc/${PACKAGE}'
dvidir='${docdir}'
exec_prefix='$(prefix)'
host='x86_64-unknown-linux-gnu'
host_alias='x86_64-unknown-linux-gnu'
host_cpu='x86_64'
host_os='linux-gnu'
host_vendor='unknown'
htmldir='${docdir}'
includedir='${prefix}/include'
infodir='${datarootdir}/info'
libdir='${exec_prefix}/lib'
libexecdir='${exec_prefix}/libexec'
localedir='${datarootdir}/locale'
localstatedir='${prefix}/var'
mandir='${datarootdir}/man'
oldincludedir='/usr/include'
pdfdir='${docdir}'
prefix='/usr/local/php5'
program_transform_name='s,x,x,'
psdir='${docdir}'
sbindir='${exec_prefix}/sbin'
sharedstatedir='${prefix}/com'
sysconfdir='${prefix}/etc'
target='x86_64-unknown-linux-gnu'
target_alias=''
target_cpu='x86_64'
target_os='linux-gnu'
target_vendor='unknown'

## ----------- ##
## confdefs.h. ##
## ----------- ##

/* confdefs.h */
#define PACKAGE_NAME ""
#define PACKAGE_TARNAME ""
#define PACKAGE_VERSION ""
#define PACKAGE_STRING ""
#define PACKAGE_BUGREPORT ""
#define PACKAGE_URL ""
#define COMPILE_DL_DIVOOM_MINILZO 1
#define STDC_HEADERS 1
#define HAVE_SYS_TYPES_H 1
#define HAVE_SYS_STAT_H 1
#define HAVE_STDLIB_H 1
#define HAVE_STRING_H 1
#define HAVE_MEMORY_H 1
#define HAVE_STRINGS_H 1
#define HAVE_INTTYPES_H 1
#define HAVE_STDINT_H 1
#define HAVE_UNISTD_H 1
#define HAVE_DLFCN_H 1

configure: exit 0
